[
  {
    "level": "INFO",
    "message": "android.ndkVersion from module build.gradle is 21.0.6113669"
  },
  {
    "level": "INFO",
    "message": "ndk.dir in local.properties is not set"
  },
  {
    "level": "INFO",
    "message": "ANDROID_NDK_HOME environment variable is not set"
  },
  {
    "level": "INFO",
    "message": "sdkFolder is /Users/abhriyaroy/Library/Android/sdk"
  },
  {
    "level": "INFO",
    "message": "Considering /Users/abhriyaroy/Library/Android/sdk/ndk-bundle in SDK ndk-bundle folder"
  },
  {
    "level": "INFO",
    "message": "Considering /Users/abhriyaroy/Library/Android/sdk/ndk/21.3.6528147 in SDK ndk folder"
  },
  {
    "level": "INFO",
    "message": "Considering /Users/abhriyaroy/Library/Android/sdk/ndk/21.0.6113669 in SDK ndk folder"
  },
  {
    "level": "INFO",
    "message": "Rejected /Users/abhriyaroy/Library/Android/sdk/ndk-bundle in SDK ndk-bundle folder because that location has no source.properties"
  },
  {
    "level": "INFO",
    "message": "Found requested NDK version 21.0.6113669 at /Users/abhriyaroy/Library/Android/sdk/ndk/21.0.6113669"
  }
]